<?xml version="1.0" encoding="UTF-8"?>
<!-- Generated by org.testng.reporters.JUnitXMLReporter -->
<testsuite ignored="0" hostname="SAKSOFT099PDC" failures="0" tests="3" name="Default test" time="25.447" errors="0" timestamp="2021-06-27T13:17:07 IST">
  <testcase classname="com.selenium.pageobject_test.FixedDeposit_TestNG" name="fd" time="9.036"/>
  <testcase classname="com.selenium.pageobject_test.FixedDeposit_TestNG" name="fd" time="5.85"/>
  <testcase classname="com.selenium.pageobject_test.FixedDeposit_TestNG" name="fd" time="6.253"/>
</testsuite> <!-- Default test -->
