<?xml version="1.0" encoding="UTF-8"?>
<!-- Generated by org.testng.reporters.JUnitXMLReporter -->
<testsuite ignored="0" hostname="SAKSOFT099PDC" failures="0" tests="4" name="Calculator" time="18.425" errors="0" timestamp="2021-07-11T11:38:58 IST">
  <testcase classname="com.selenium.pageobject_test.Calculator_Test" name="addOperation" time="4.575"/>
  <testcase classname="com.selenium.pageobject_test.Calculator_Test" name="subOperation" time="3.465"/>
  <testcase classname="com.selenium.pageobject_test.Calculator_Test" name="divOperation" time="3.556"/>
  <testcase classname="com.selenium.pageobject_test.Calculator_Test" name="mulOperation" time="3.436"/>
</testsuite> <!-- Calculator -->
