<?xml version="1.0" encoding="UTF-8"?>
<!-- Generated by org.testng.reporters.JUnitXMLReporter -->
<testsuite ignored="2" hostname="SAKSOFT099PDC" failures="0" tests="4" name="MutualLogin" time="22.808" errors="0" timestamp="2021-06-05T11:46:53 IST">
  <testcase classname="com.selenium.testng.MutualLogin" name="loginAdmin" time="6.209"/>
  <testcase classname="com.selenium.testng.MutualLogin" name="loginAdmin" time="4.412"/>
  <testcase classname="com.selenium.testng.MutualLogin" name="loginAdmin" time="4.037"/>
  <testcase classname="com.selenium.testng.MutualLogin" name="loginSpeed" time="4.219"/>
  <testcase classname="com.selenium.testng.MutualLogin" name="loginTestUser" time="0.0">
    <ignored/>
  </testcase> <!-- loginTestUser -->
  <testcase classname="com.selenium.testng.MutualLogin" name="loginJsmith" time="0.0">
    <ignored/>
  </testcase> <!-- loginJsmith -->
</testsuite> <!-- MutualLogin -->
