<?xml version="1.0" encoding="UTF-8"?>
<testng-results ignored="0" total="3" passed="3" failed="0" skipped="0">
  <reporter-output>
  </reporter-output>
  <suite started-at="2021-06-27T13:16:41 IST" name="Default suite" finished-at="2021-06-27T13:17:07 IST" duration-ms="25447">
    <groups>
    </groups>
    <test started-at="2021-06-27T13:16:41 IST" name="Default test" finished-at="2021-06-27T13:17:07 IST" duration-ms="25447">
      <class name="com.selenium.pageobject_test.FixedDeposit_TestNG">
        <test-method is-config="true" signature="beforeTest()[pri:0, instance:com.selenium.pageobject_test.FixedDeposit_TestNG@306e95ec]" started-at="2021-06-27T13:16:41 IST" name="beforeTest" finished-at="2021-06-27T13:16:45 IST" duration-ms="3240" status="PASS">
          <reporter-output>
          </reporter-output>
        </test-method> <!-- beforeTest -->
        <test-method signature="fd(java.lang.String,java.lang.String,java.lang.String,java.lang.String)[pri:0, instance:com.selenium.pageobject_test.FixedDeposit_TestNG@306e95ec]" started-at="2021-06-27T13:16:45 IST" name="fd" data-provider="dp" finished-at="2021-06-27T13:16:54 IST" duration-ms="9036" status="PASS">
          <params>
            <param index="0">
              <value>
                <![CDATA[100000]]>
              </value>
            </param>
            <param index="1">
              <value>
                <![CDATA[8]]>
              </value>
            </param>
            <param index="2">
              <value>
                <![CDATA[5]]>
              </value>
            </param>
            <param index="3">
              <value>
                <![CDATA[Simple Interest]]>
              </value>
            </param>
          </params>
          <reporter-output>
          </reporter-output>
        </test-method> <!-- fd -->
        <test-method signature="fd(java.lang.String,java.lang.String,java.lang.String,java.lang.String)[pri:0, instance:com.selenium.pageobject_test.FixedDeposit_TestNG@306e95ec]" started-at="2021-06-27T13:16:54 IST" name="fd" data-provider="dp" finished-at="2021-06-27T13:17:00 IST" duration-ms="5850" status="PASS">
          <params>
            <param index="0">
              <value>
                <![CDATA[200000]]>
              </value>
            </param>
            <param index="1">
              <value>
                <![CDATA[8.5]]>
              </value>
            </param>
            <param index="2">
              <value>
                <![CDATA[4]]>
              </value>
            </param>
            <param index="3">
              <value>
                <![CDATA[Simple Interest]]>
              </value>
            </param>
          </params>
          <reporter-output>
          </reporter-output>
        </test-method> <!-- fd -->
        <test-method signature="fd(java.lang.String,java.lang.String,java.lang.String,java.lang.String)[pri:0, instance:com.selenium.pageobject_test.FixedDeposit_TestNG@306e95ec]" started-at="2021-06-27T13:17:00 IST" name="fd" data-provider="dp" finished-at="2021-06-27T13:17:06 IST" duration-ms="6253" status="PASS">
          <params>
            <param index="0">
              <value>
                <![CDATA[700000]]>
              </value>
            </param>
            <param index="1">
              <value>
                <![CDATA[7.5]]>
              </value>
            </param>
            <param index="2">
              <value>
                <![CDATA[2]]>
              </value>
            </param>
            <param index="3">
              <value>
                <![CDATA[Simple Interest]]>
              </value>
            </param>
          </params>
          <reporter-output>
          </reporter-output>
        </test-method> <!-- fd -->
        <test-method is-config="true" signature="afterTest()[pri:0, instance:com.selenium.pageobject_test.FixedDeposit_TestNG@306e95ec]" started-at="2021-06-27T13:17:06 IST" name="afterTest" finished-at="2021-06-27T13:17:07 IST" duration-ms="976" status="PASS">
          <reporter-output>
          </reporter-output>
        </test-method> <!-- afterTest -->
      </class> <!-- com.selenium.pageobject_test.FixedDeposit_TestNG -->
    </test> <!-- Default test -->
  </suite> <!-- Default suite -->
</testng-results>
