<?xml version="1.0" encoding="UTF-8"?>
<!-- Generated by org.testng.reporters.JUnitXMLReporter -->
<testsuite ignored="0" hostname="SAKSOFT099PDC" failures="0" tests="4" name="Calculator" time="18.864" errors="0" timestamp="2021-06-26T13:48:57 IST">
  <testcase classname="com.selenium.pageobject_test.Calculator_Test" name="addOperation" time="4.647"/>
  <testcase classname="com.selenium.pageobject_test.Calculator_Test" name="subOperation" time="3.47"/>
  <testcase classname="com.selenium.pageobject_test.Calculator_Test" name="divOperation" time="3.512"/>
  <testcase classname="com.selenium.pageobject_test.Calculator_Test" name="mulOperation" time="3.553"/>
</testsuite> <!-- Calculator -->
